<?xml version="1.0" encoding="UTF-8"?>
<!-- Generated by org.testng.reporters.JUnitReportReporter -->
<testsuite hostname="mahi" failures="0" tests="3" name="groupExcecution.TestClass2" time="0.006" errors="0" timestamp="2023-10-14T14:02:00 IST" skipped="0">
  <testcase classname="groupExcecution.TestClass2" name="demo1" time="0.002"/>
  <testcase classname="groupExcecution.TestClass2" name="demo3" time="0.002"/>
  <testcase classname="groupExcecution.TestClass2" name="demo2" time="0.002"/>
</testsuite> <!-- groupExcecution.TestClass2 -->
