<?xml version="1.0" encoding="UTF-8"?>
<!-- Generated by org.testng.reporters.JUnitReportReporter -->
<testsuite hostname="mahi" failures="0" tests="1" name="listeners.TestClass2" time="0.002" errors="0" timestamp="2023-10-18T14:29:10 IST" skipped="0">
  <testcase classname="listeners.TestClass2" name="test0" time="0.002"/>
</testsuite> <!-- listeners.TestClass2 -->
