<?xml version="1.0" encoding="UTF-8"?>
<!-- Generated by org.testng.reporters.JUnitReportReporter -->
<testsuite hostname="mahi" failures="0" tests="1" name="testing.SampleTest" time="0.008" errors="0" timestamp="2023-10-13T13:25:24 IST" skipped="0">
  <testcase classname="testing.SampleTest" name="demo" time="0.008"/>
</testsuite> <!-- testing.SampleTest -->
