<?xml version="1.0" encoding="UTF-8"?>
<!-- Generated by org.testng.reporters.JUnitReportReporter -->
<testsuite hostname="mahi" failures="0" tests="3" name="crossBrowserParallel.SwiggyTest" time="25.571" errors="0" timestamp="2023-10-16T14:15:09 IST" skipped="0">
  <testcase classname="crossBrowserParallel.SwiggyTest" name="test0" time="8.873"/>
  <testcase classname="crossBrowserParallel.SwiggyTest" name="test0" time="7.833"/>
  <testcase classname="crossBrowserParallel.SwiggyTest" name="test0" time="8.865"/>
</testsuite> <!-- crossBrowserParallel.SwiggyTest -->
