<?xml version="1.0" encoding="UTF-8"?>
<!-- Generated by org.testng.reporters.JUnitReportReporter -->
<testsuite hostname="mahi" failures="0" tests="1" name="batchExcecution.TestClass2" time="0.012" errors="0" timestamp="2023-10-18T13:41:31 IST" skipped="0">
  <testcase classname="batchExcecution.TestClass2" name="demo1" time="0.012"/>
</testsuite> <!-- batchExcecution.TestClass2 -->
