<?xml version="1.0" encoding="UTF-8"?>
<!-- Generated by org.testng.reporters.JUnitReportReporter -->
<testsuite hostname="mahi" failures="0" tests="1" name="groupExcecution.TestClass4" time="0.009" errors="0" timestamp="2023-10-14T14:02:00 IST" skipped="0">
  <testcase classname="groupExcecution.TestClass4" name="demo2" time="0.009"/>
</testsuite> <!-- groupExcecution.TestClass4 -->
