<?xml version="1.0" encoding="UTF-8"?>
<!-- Generated by org.testng.reporters.JUnitReportReporter -->
<testsuite hostname="mahi" failures="0" tests="3" name="groupExcecution.TestClass3" time="0.003" errors="0" timestamp="2023-10-14T14:02:00 IST" skipped="0">
  <testcase classname="groupExcecution.TestClass3" name="demo3" time="0.001"/>
  <testcase classname="groupExcecution.TestClass3" name="demo2" time="0.001"/>
  <testcase classname="groupExcecution.TestClass3" name="demo1" time="0.001"/>
</testsuite> <!-- groupExcecution.TestClass3 -->
