<?xml version="1.0" encoding="UTF-8"?>
<!-- Generated by org.testng.reporters.JUnitReportReporter -->
<testsuite hostname="mahi" failures="0" tests="1" name="testing.TestClass" time="0.007" errors="0" timestamp="2023-10-13T14:35:14 IST" skipped="0">
  <testcase classname="testing.TestClass" name="test1" time="0.007"/>
</testsuite> <!-- testing.TestClass -->
