<?xml version="1.0" encoding="UTF-8"?>
<!-- Generated by org.testng.reporters.JUnitReportReporter -->
<testsuite hostname="mahi" failures="0" tests="2" name="distributedParallel.TestClass2" time="0.003" errors="0" timestamp="2023-10-14T14:45:20 IST" skipped="0">
  <testcase classname="distributedParallel.TestClass2" name="demo1" time="0.002"/>
  <testcase classname="distributedParallel.TestClass2" name="demo2" time="0.001"/>
</testsuite> <!-- distributedParallel.TestClass2 -->
