<?xml version="1.0" encoding="UTF-8"?>
<!-- Generated by org.testng.reporters.JUnitReportReporter -->
<testsuite hostname="mahi" failures="0" tests="3" name="crossBrowserParallel.GoogleTest" time="26.588" errors="0" timestamp="2023-10-16T14:15:09 IST" skipped="0">
  <testcase classname="crossBrowserParallel.GoogleTest" name="test0" time="10.184"/>
  <testcase classname="crossBrowserParallel.GoogleTest" name="test0" time="9.685"/>
  <testcase classname="crossBrowserParallel.GoogleTest" name="test0" time="6.719"/>
</testsuite> <!-- crossBrowserParallel.GoogleTest -->
