<?xml version="1.0" encoding="UTF-8"?>
<!-- Generated by org.testng.reporters.JUnitReportReporter -->
<testsuite hostname="mahi" failures="0" tests="3" name="testng.DataProvidePractice" time="0.008" errors="0" timestamp="2023-10-19T14:10:52 IST" skipped="0">
  <testcase classname="testng.DataProvidePractice" name="bookTicketTest" time="0.006"/>
  <testcase classname="testng.DataProvidePractice" name="bookTicketTest" time="0.001"/>
  <testcase classname="testng.DataProvidePractice" name="bookTicketTest" time="0.001"/>
</testsuite> <!-- testng.DataProvidePractice -->
